<?xml version="1.0" encoding="UTF-8"?>
<!-- Generated by org.testng.reporters.JUnitReportReporter -->
<testsuite hostname="VIRUS" failures="0" tests="8" name="MyTestCases" time="0.261" errors="0" timestamp="2025-01-07T23:45:00 EET" skipped="7">
  <testcase classname="MyTestCases" name="Web_Table_Example" time="0.261"/>
  <system-out/>
  <testcase classname="MyTestCases" name="Checkbox_Example">
    <skipped/>
  </testcase> <!-- Checkbox_Example -->
  <system-out/>
  <testcase classname="MyTestCases" name="Switch_To_Alert_Example">
    <skipped/>
  </testcase> <!-- Switch_To_Alert_Example -->
  <system-out/>
  <testcase classname="MyTestCases" name="Switch_Window_Example">
    <skipped/>
  </testcase> <!-- Switch_Window_Example -->
  <system-out/>
  <testcase classname="MyTestCases" name="Static_Dropdown_Example">
    <skipped/>
  </testcase> <!-- Static_Dropdown_Example -->
  <system-out/>
  <testcase classname="MyTestCases" name="Switch_Tab_Example">
    <skipped/>
  </testcase> <!-- Switch_Tab_Example -->
  <system-out/>
  <testcase classname="MyTestCases" name="Dynamic_Dropdown_Example">
    <skipped/>
  </testcase> <!-- Dynamic_Dropdown_Example -->
  <system-out/>
  <testcase classname="MyTestCases" name="Radio_Button_Example">
    <skipped/>
  </testcase> <!-- Radio_Button_Example -->
  <system-out/>
</testsuite> <!-- MyTestCases -->
